1	1	1	35.9341	34.2055	1.05054
1	2	0.5	8.8694	4.60945e+08	1.92418e-08
1	2	0.6	13.2001	1095.74	0.0120468
1	2	0.7	16.0144	358.892	0.0446219
1	2	0.8	21.1948	122.341	0.173243
1	2	0.9	25.0004	75.9506	0.329167
1	2	1	27.6111	59.1323	0.466938
2	1	1	34.3143	34.2055	1.00318
2	2	0.5	34.3098	33.935	1.01104
2	2	0.6	34.3098	33.9351	1.01104
2	2	0.7	34.3098	33.9347	1.01105
2	2	0.8	34.3099	33.9341	1.01107
2	2	0.9	34.31	33.9334	1.0111
2	2	1	34.3101	33.9331	1.01111
2	3	0.4	8.35535	552.845	0.0151134
2	3	0.5	16.9752	100.509	0.168893
2	3	0.6	27.6643	45.7511	0.60467
2	3	0.7	31.4569	37.6764	0.834922
2	3	0.8	32.4762	36.1418	0.898578
2	3	0.9	33.4333	34.6481	0.96494
2	3	1	33.6962	34.3311	0.981507
3	1	1	34.3019	34.2055	1.00282
3	2	0.5	34.1738	33.9374	1.00697
3	2	0.6	34.1738	33.9374	1.00697
3	2	0.7	34.1739	33.9371	1.00698
3	2	0.8	34.1739	33.9364	1.007
3	2	0.9	34.174	33.9357	1.00702
3	2	1	34.1742	33.9345	1.00706
3	3	0.4	22.5835	74.4729	0.303244
3	3	0.5	28.1666	37.2274	0.756609
3	3	0.6	32.1355	34.119	0.941865
3	3	0.7	33.2029	34.2875	0.968369
3	3	0.8	33.5508	34.2435	0.979771
3	3	0.9	33.8205	33.8278	0.999785
3	3	1	33.9315	33.817	1.00339
3	4	0.3	12.2066	91.411	0.133535
3	4	0.4	20.1531	62.5016	0.322441
3	4	0.5	25.6085	40.9145	0.625902
3	4	0.6	29.7112	34.9124	0.851022
3	4	0.7	32.1458	33.902	0.948196
3	4	0.8	33.2923	33.9719	0.979996
3	4	0.9	33.6872	33.8341	0.995659
3	4	1	33.8345	33.773	1.00182
3	5	0.2	3.85675	4.28099e+08	9.00901e-09
3	5	0.3	13.7947	55.0004	0.250811
3	5	0.4	19.5935	34.6625	0.565265
3	5	0.5	25.6817	30.5157	0.84159
3	5	0.6	29.1437	31.9941	0.91091
3	5	0.7	31.7835	33.7189	0.942602
3	5	0.8	33.18	33.7734	0.98243
3	5	0.9	33.6263	33.8124	0.994495
3	5	1	33.8018	33.7682	1.001
4	1	1	33.9991	34.2055	0.993966
4	2	0.5	33.936	33.931	1.00015
4	2	0.6	33.936	33.9312	1.00014
4	2	0.7	33.936	33.9312	1.00014
4	2	0.8	33.936	33.9312	1.00014
4	2	0.9	33.9361	33.9312	1.00014
4	2	1	33.9362	33.9313	1.00015
4	3	0.4	20.1246	158.221	0.127193
4	3	0.5	28.5765	54.8429	0.521062
4	3	0.6	32.8128	33.6418	0.975358
4	3	0.7	33.4921	33.8402	0.989714
4	3	0.8	33.6856	33.8922	0.993903
4	3	0.9	33.9343	33.8368	1.00288
4	3	1	33.9351	33.8372	1.00289
4	4	0.3	16.298	82.1909	0.198294
4	4	0.4	24.6124	33.4487	0.735826
4	4	0.5	28.0395	30.6238	0.91561
4	4	0.6	31.2603	32.4674	0.962818
4	4	0.7	32.8572	33.4571	0.98207
4	4	0.8	33.5867	33.6759	0.99735
4	4	0.9	33.7523	33.7335	1.00056
4	4	1	33.9344	33.7917	1.00422
4	5	0.2	5.3298	3.82626e+08	1.39295e-08
4	5	0.3	17.5506	25.2071	0.696257
4	5	0.4	22.3943	26.1304	0.85702
4	5	0.5	27.5084	29.7786	0.923763
4	5	0.6	30.4467	31.526	0.965765
4	5	0.7	32.5915	32.9671	0.988605
4	5	0.8	33.4583	33.5501	0.997265
4	5	0.9	33.7391	33.7092	1.00089
4	5	1	33.93	33.765	1.00489
4	6	0.2	10.1254	769.318	0.0131615
4	6	0.3	17.4163	26.3546	0.660843
4	6	0.4	22.4537	26.1774	0.857753
4	6	0.5	26.6279	28.4837	0.934844
4	6	0.6	30.4287	31.2783	0.972838
4	6	0.7	32.5166	32.8092	0.991081
4	6	0.8	33.4455	33.5129	0.997988
4	6	0.9	33.7473	33.7079	1.00117
4	6	1	33.909	33.7456	1.00484
5	1	1	34.2055	34.2055	1
5	2	0.5	33.888	33.9312	0.998727
5	2	0.6	33.888	33.9312	0.998725
5	2	0.7	33.888	33.9312	0.998725
5	2	0.8	33.888	33.9313	0.998725
5	2	0.9	33.8881	33.9314	0.998724
5	2	1	33.8882	33.9313	0.998728
5	3	0.4	25.2722	68.5243	0.368806
5	3	0.5	30.293	36.4998	0.829949
5	3	0.6	32.9715	33.3016	0.990087
5	3	0.7	33.5543	33.6455	0.997289
5	3	0.8	33.885	33.8371	1.00141
5	3	0.9	33.8851	33.8371	1.00142
5	3	1	33.8853	33.8373	1.00142
5	4	0.3	17.2529	82.3988	0.209383
5	4	0.4	25.1255	31.2288	0.804563
5	4	0.5	28.3826	30.5953	0.927679
5	4	0.6	31.467	32.4028	0.971121
5	4	0.7	32.9564	33.409	0.986451
5	4	0.8	33.6256	33.6353	0.999714
5	4	0.9	33.8844	33.7916	1.00275
5	4	1	33.8847	33.7917	1.00275
5	5	0.2	6.18859	3.83238e+08	1.61482e-08
5	5	0.3	18.3336	24.9101	0.735989
5	5	0.4	22.7938	26.2747	0.86752
5	5	0.5	27.8756	29.5991	0.941773
5	5	0.6	30.6499	31.5015	0.972968
5	5	0.7	32.6586	32.9553	0.990995
5	5	0.8	33.4707	33.5383	0.997987
5	5	0.9	33.8736	33.7624	1.00329
5	5	1	33.8844	33.7661	1.0035
5	6	0.2	12.0848	130.75	0.092427
5	6	0.3	18.0891	27.1949	0.665165
5	6	0.4	22.8603	25.9324	0.881536
5	6	0.5	26.8964	28.4545	0.945245
5	6	0.6	30.5961	31.2296	0.979712
5	6	0.7	32.5882	32.7988	0.993578
5	6	0.8	33.4616	33.5042	0.998727
5	6	0.9	33.8512	33.7429	1.00321
5	6	1	33.8842	33.7503	1.00397
5	7	0.2	10.937	133.844	0.0817146
5	7	0.3	16.8154	25.1355	0.668991
5	7	0.4	22.6265	24.5769	0.92064
5	7	0.5	27.7435	28.7731	0.964219
5	7	0.6	31.079	31.4578	0.987958
5	7	0.7	32.8253	32.9387	0.996556
5	7	0.8	33.5054	33.5308	0.999242
5	7	0.9	33.8229	33.7305	1.00274
5	7	1	33.8837	33.7399	1.00426
5	8	0.2	11.9031	18.3728	0.647866
5	8	0.3	17.6025	23.1754	0.759533
5	8	0.4	23.2801	24.8124	0.938246
5	8	0.5	28.0081	28.921	0.968436
5	8	0.6	31.2707	31.5632	0.990732
5	8	0.7	32.8664	32.9619	0.997101
5	8	0.8	33.5294	33.5459	0.99951
5	8	0.9	33.8314	33.7263	1.00312
5	8	1	33.884	33.7326	1.00449
6	1	1	33.9773	34.2055	0.993328
6	2	0.5	33.8142	33.9315	0.996545
6	2	0.6	33.8142	33.9313	0.996549
6	2	0.7	33.8142	33.9313	0.996548
6	2	0.8	33.8142	33.9314	0.996547
6	2	0.9	33.8142	33.9315	0.996545
6	2	1	33.8143	33.9317	0.996538
6	3	0.4	27.34	29.5977	0.92372
6	3	0.5	31.0911	32.0196	0.971
6	3	0.6	33.0056	33.2391	0.992976
6	3	0.7	33.808	33.8329	0.999266
6	3	0.8	33.8134	33.8371	0.999297
6	3	0.9	33.8135	33.8373	0.999296
6	3	1	33.8136	33.8374	0.999295
6	4	0.3	20.9292	26.5062	0.789595
6	4	0.4	26.2494	28.9022	0.908214
6	4	0.5	29.0285	30.3872	0.955286
6	4	0.6	31.8002	32.2345	0.986527
6	4	0.7	33.115	33.3022	0.994378
6	4	0.8	33.8125	33.791	1.00064
6	4	0.9	33.8134	33.7917	1.00064
6	4	1	33.8135	33.7917	1.00065
6	5	0.2	6.12577	3.89435e+08	1.57299e-08
6	5	0.3	19.2118	24.6399	0.779701
6	5	0.4	23.6537	25.7472	0.91869
6	5	0.5	28.4463	29.4628	0.965499
6	5	0.6	30.9388	31.4735	0.983012
6	5	0.7	32.7586	32.9256	0.994928
6	5	0.8	33.7962	33.7571	1.00116
6	5	0.9	33.8133	33.7659	1.0014
6	5	1	33.8134	33.766	1.0014
6	6	0.2	12.764	26.0632	0.489733
6	6	0.3	19.1832	22.1057	0.867792
6	6	0.4	23.7517	25.3438	0.937181
6	6	0.5	27.389	28.4084	0.964114
6	6	0.6	30.8567	31.1854	0.989458
6	6	0.7	32.6679	32.8005	0.995958
6	6	0.8	33.462	33.5008	0.998842
6	6	0.9	33.8131	33.75	1.00187
6	6	1	33.8134	33.7502	1.00187
6	7	0.2	11.769	24.0015	0.490346
6	7	0.3	17.6683	20.7057	0.853306
6	7	0.4	23.2451	24.3635	0.954093
6	7	0.5	28.1255	28.7196	0.979315
6	7	0.6	31.2411	31.4566	0.99315
6	7	0.7	32.8618	32.9408	0.997602
6	7	0.8	33.4995	33.5246	0.999251
6	7	0.9	33.8131	33.7396	1.00218
6	7	1	33.8134	33.7396	1.00219
6	8	0.2	12.6009	29.2237	0.431187
6	8	0.3	18.3809	19.9624	0.920775
6	8	0.4	23.7867	24.7116	0.962574
6	8	0.5	28.3623	28.9029	0.981297
6	8	0.6	31.4191	31.5726	0.995139
6	8	0.7	32.906	32.9665	0.998166
6	8	0.8	33.5483	33.5609	0.999625
6	8	0.9	33.8126	33.7323	1.00238
6	8	1	33.8133	33.7323	1.0024
6	9	0.2	12.9773	15.197	0.853941
6	9	0.3	19.0006	20.4165	0.930651
6	9	0.4	24.1909	24.9784	0.968471
6	9	0.5	28.4878	28.9048	0.985572
6	9	0.6	31.409	31.5242	0.996345
6	9	0.7	32.88	32.9299	0.998486
6	9	0.8	33.5624	33.57	0.999775
6	9	0.9	33.8109	33.7266	1.0025
6	9	1	33.8132	33.7271	1.00255
7	1	1	34.0582	34.2055	0.995695
7	2	0.5	33.7974	33.9315	0.99605
7	2	0.6	33.7974	33.9313	0.996053
7	2	0.7	33.7974	33.9313	0.996053
7	2	0.8	33.7974	33.9314	0.996051
7	2	0.9	33.7974	33.9315	0.996049
7	2	1	33.7975	33.9316	0.996049
7	3	0.4	27.7127	29.6056	0.936061
7	3	0.5	31.2965	31.9833	0.978526
7	3	0.6	33.0545	33.2369	0.994511
7	3	0.7	33.794	33.8371	0.998726
7	3	0.8	33.7941	33.8373	0.998724
7	3	0.9	33.7942	33.8374	0.998723
7	3	1	33.7942	33.8374	0.998722
7	4	0.3	21.224	26.3991	0.803967
7	4	0.4	26.3421	28.8962	0.911611
7	4	0.5	29.0837	30.3813	0.957289
7	4	0.6	31.8134	32.2337	0.986961
7	4	0.7	33.1167	33.3012	0.994463
7	4	0.8	33.7939	33.7916	1.00007
7	4	0.9	33.794	33.7917	1.00007
7	4	1	33.7941	33.7918	1.00007
7	5	0.2	7.88192	1.75604e+08	4.48846e-08
7	5	0.3	19.6133	24.1681	0.811535
7	5	0.4	23.7218	25.7139	0.92253
7	5	0.5	28.4741	29.4494	0.966883
7	5	0.6	30.9578	31.466	0.98385
7	5	0.7	32.7633	32.9224	0.995168
7	5	0.8	33.7936	33.7657	1.00082
7	5	0.9	33.7939	33.766	1.00083
7	5	1	33.794	33.766	1.00083
7	6	0.2	13.0708	26.2451	0.49803
7	6	0.3	19.2752	21.9843	0.876771
7	6	0.4	23.7728	25.346	0.937933
7	6	0.5	27.4107	28.4098	0.964832
7	6	0.6	30.8568	31.1882	0.989375
7	6	0.7	32.6737	32.8	0.99615
7	6	0.8	33.7862	33.7461	1.00119
7	6	0.9	33.7939	33.7501	1.0013
7	6	1	33.794	33.7501	1.0013
7	7	0.2	12.2105	21.2419	0.57483
7	7	0.3	17.7283	20.6119	0.860101
7	7	0.4	23.2494	24.373	0.953904
7	7	0.5	28.143	28.7229	0.979809
7	7	0.6	31.2437	31.4576	0.9932
7	7	0.7	32.8663	32.941	0.997733
7	7	0.8	33.7778	33.7334	1.00131
7	7	0.9	33.7938	33.7397	1.0016
7	7	1	33.7939	33.7397	1.00161
7	8	0.2	13.0223	15.7441	0.827124
7	8	0.3	18.4232	19.924	0.924669
7	8	0.4	23.8089	24.7118	0.963463
7	8	0.5	28.3861	28.9031	0.982112
7	8	0.6	31.4197	31.5723	0.995167
7	8	0.7	32.9091	32.967	0.998245
7	8	0.8	33.5522	33.5613	0.999729
7	8	0.9	33.7937	33.7323	1.00182
7	8	1	33.794	33.7323	1.00183
7	9	0.2	13.0329	14.979	0.870075
7	9	0.3	19.0578	20.3586	0.936106
7	9	0.4	24.2179	24.9789	0.969536
7	9	0.5	28.5092	28.9063	0.986263
7	9	0.6	31.4058	31.5242	0.996245
7	9	0.7	32.8812	32.9294	0.998536
7	9	0.8	33.5637	33.569	0.999842
7	9	0.9	33.7937	33.727	1.00198
7	9	1	33.794	33.7271	1.00198
7	10	0.1	3.75014	5.07999e+08	7.38218e-09
7	10	0.2	13.0559	14.7726	0.883793
7	10	0.3	18.9366	20.1066	0.941811
7	10	0.4	24.1818	24.85	0.973111
7	10	0.5	28.3438	28.7118	0.987183
7	10	0.6	31.3252	31.4257	0.996804
7	10	0.7	32.8432	32.8829	0.998793
7	10	0.8	33.5645	33.568	0.999897
7	10	0.9	33.7937	33.7231	1.00209
7	10	1	33.7939	33.7231	1.0021
7	11	0.1	5.65956	4.90562e+06	1.15369e-06
7	11	0.2	13.1461	14.7004	0.894263
7	11	0.3	19.1734	20.1623	0.950953
7	11	0.4	24.1577	24.7227	0.977147
7	11	0.5	28.3595	28.6503	0.989852
7	11	0.6	31.2844	31.3621	0.997524
8	3	0.4	27.9314	29.5949	0.94379
8	4	0.3	21.7223	26.3627	0.82398
8	4	0.4	26.7789	28.8808	0.927219
8	5	0.2	9.71726	16.1729	0.600834
8	5	0.3	19.8931	24.0911	0.825742
8	5	0.4	23.8165	25.7018	0.926646
8	6	0.2	14.1913	18.5367	0.765581
8	6	0.3	19.3876	21.7865	0.889892
8	6	0.4	23.8156	25.3305	0.940193
8	7	0.2	12.9141	17.6165	0.733065
8	7	0.3	17.8057	20.3377	0.875505
8	7	0.4	23.3041	24.3601	0.956654
8	8	0.2	13.2573	15.3822	0.861854
8	8	0.3	18.5345	19.8603	0.933243
8	8	0.4	23.8903	24.7044	0.967047
8	9	0.2	13.1613	14.7426	0.892735
8	9	0.3	19.1866	20.3116	0.944611
8	9	0.4	24.3269	24.9722	0.974157
8	10	0.1	3.89051	4.85895e+08	8.00689e-09
8	10	0.2	13.1715	14.5312	0.906429
8	10	0.3	19.0738	20.0382	0.951872
8	10	0.4	24.2873	24.8403	0.977738
9	3	0.4	28.1317	29.5996	0.950406
9	4	0.3	21.8587	26.2491	0.832741
9	4	0.4	26.8534	28.8587	0.930513
9	5	0.2	8.66633	12.4979	0.693421
9	5	0.3	20.0533	24.0344	0.834359
9	5	0.4	23.862	25.6711	0.929528
9	6	0.2	14.3841	18.398	0.78183
9	6	0.3	19.4123	21.7642	0.891937
9	6	0.4	23.817	25.3515	0.939471
9	7	0.2	13.2467	16.7484	0.790924
9	7	0.3	17.8827	20.2021	0.885191
9	7	0.4	23.3081	24.3654	0.956606
9	8	0.2	13.2895	15.349	0.865824
9	8	0.3	18.5579	19.8473	0.935033
9	8	0.4	23.8993	24.7051	0.967383
9	9	0.2	13.1937	14.6626	0.899825
9	9	0.3	19.2221	20.2659	0.948495
9	9	0.4	24.3367	24.9752	0.974432
9	10	0.1	4.43518	4.15492e+08	1.06745e-08
9	10	0.2	13.2162	14.5078	0.910972
9	10	0.3	19.1071	20.0186	0.95447
9	10	0.4	24.2979	24.8408	0.978148
10	3	0.4	28.2862	29.6001	0.955613
10	4	0.3	22.125	26.0546	0.84918
10	4	0.4	27.01	28.8428	0.936456
10	5	0.2	15.9359	18.2309	0.874115
10	5	0.3	20.2036	24.0035	0.841696
10	5	0.4	23.9351	25.6552	0.932953
10	6	0.2	14.6528	18.065	0.811117
10	6	0.3	19.5569	21.577	0.906376
10	6	0.4	23.8454	25.3447	0.940845
10	7	0.2	13.3581	16.3677	0.816127
10	7	0.3	17.9674	20.129	0.892615
10	7	0.4	23.3365	24.3694	0.957615
10	8	0.2	13.397	15.3087	0.875126
10	8	0.3	18.6163	19.8283	0.938874
10	8	0.4	23.9348	24.7051	0.968821
10	9	0.2	13.2501	14.5948	0.907867
10	9	0.3	19.2914	20.2216	0.953997
10	9	0.4	24.3752	24.9805	0.975773
10	10	0.1	4.28564	1.07358e+09	3.99192e-09
10	10	0.2	13.2632	14.48	0.91597
10	10	0.3	19.1613	19.9795	0.959051
10	10	0.4	24.3313	24.8399	0.979525
