07:45:34 **** Incremental Build of configuration Debug for project atop ****
make all 
Building file: ../source/TopologyOptimization/optimizedesign.cpp
Invoking: Cross G++ Compiler
g++ -DDEAL_II_USE_CXX11 -I/home/dkgupta/WORK/projects/atop/atop/include -I/home/dkgupta/bin/deal.II/include -O0 -g3 -Wall -c -fmessage-length=0 -std=c++11 -fPIC -MMD -MP -MF"source/TopologyOptimization/optimizedesign.d" -MT"source/TopologyOptimization/optimizedesign.d" -o "source/TopologyOptimization/optimizedesign.o" "../source/TopologyOptimization/optimizedesign.cpp"
In file included from /home/dkgupta/bin/deal.II/include/deal.II/dofs/dof_handler.h:22:0,
                 from ../source/TopologyOptimization/optimizedesign.cpp:8:
/home/dkgupta/bin/deal.II/include/deal.II/base/config.h:118:0: warning: "DEAL_II_USE_CXX11" redefined
 #define DEAL_II_USE_CXX11
 ^
<command-line>:0:0: note: this is the location of the previous definition
In file included from /home/dkgupta/bin/deal.II/include/deal.II/dofs/dof_accessor.h:2215:0,
                 from /home/dkgupta/WORK/projects/atop/atop/include/atop/fem/fem.h:17,
                 from /home/dkgupta/WORK/projects/atop/atop/include/atop/TopologyOptimization/optimizedesign.h:12,
                 from ../source/TopologyOptimization/optimizedesign.cpp:11:
/home/dkgupta/bin/deal.II/include/deal.II/dofs/dof_accessor.templates.h: In static member function ‘static void dealii::internal::DoFCellAccessor::Implementation::set_active_fe_index(const dealii::DoFCellAccessor<dealii::DoFHandler<dim, spacedim>, lda>&, unsigned int)’:
/home/dkgupta/bin/deal.II/include/deal.II/dofs/dof_accessor.templates.h:2804:72: warning: typedef ‘BaseClass’ locally defined but not used [-Wunused-local-typedefs]
         typedef dealii::DoFAccessor<dim,DoFHandler<dim,spacedim>, lda> BaseClass;
                                                                        ^
/home/dkgupta/bin/deal.II/include/deal.II/dofs/dof_accessor.templates.h: In static member function ‘static void dealii::internal::DoFCellAccessor::Implementation::set_active_fe_index(dealii::DoFCellAccessor<dealii::hp::DoFHandler<dim, spacedim>, lda>&, unsigned int)’:
/home/dkgupta/bin/deal.II/include/deal.II/dofs/dof_accessor.templates.h:2816:72: warning: typedef ‘BaseClass’ locally defined but not used [-Wunused-local-typedefs]
         typedef dealii::DoFAccessor<dim,DoFHandler<dim,spacedim>, lda> BaseClass;
                                                                        ^
/home/dkgupta/bin/deal.II/include/deal.II/dofs/dof_accessor.templates.h: In static member function ‘static void dealii::internal::DoFCellAccessor::Implementation::distribute_local_to_global(const dealii::DoFCellAccessor<dealii::DoFHandler<dim, spacedim>, lda>&, ForwardIterator, ForwardIterator, OutputVector&)’:
/home/dkgupta/bin/deal.II/include/deal.II/dofs/dof_accessor.templates.h:2837:72: warning: typedef ‘BaseClass’ locally defined but not used [-Wunused-local-typedefs]
         typedef dealii::DoFAccessor<dim,DoFHandler<dim,spacedim>, lda> BaseClass;
                                                                        ^
/home/dkgupta/bin/deal.II/include/deal.II/dofs/dof_accessor.templates.h: In static member function ‘static void dealii::internal::DoFCellAccessor::Implementation::distribute_local_to_global(const dealii::DoFCellAccessor<dealii::hp::DoFHandler<dim, spacedim>, lda>&, ForwardIterator, ForwardIterator, OutputVector&)’:
/home/dkgupta/bin/deal.II/include/deal.II/dofs/dof_accessor.templates.h:2871:72: warning: typedef ‘BaseClass’ locally defined but not used [-Wunused-local-typedefs]
         typedef dealii::DoFAccessor<dim,DoFHandler<dim,spacedim>, lda> BaseClass;
                                                                        ^
/home/dkgupta/bin/deal.II/include/deal.II/dofs/dof_accessor.templates.h: In static member function ‘static void dealii::internal::DoFCellAccessor::Implementation::distribute_local_to_global(const dealii::DoFCellAccessor<dealii::DoFHandler<dim, spacedim>, lda>&, const dealii::ConstraintMatrix&, ForwardIterator, ForwardIterator, OutputVector&)’:
/home/dkgupta/bin/deal.II/include/deal.II/dofs/dof_accessor.templates.h:2904:72: warning: typedef ‘BaseClass’ locally defined but not used [-Wunused-local-typedefs]
         typedef dealii::DoFAccessor<dim,DoFHandler<dim,spacedim>, lda> BaseClass;
                                                                        ^
/home/dkgupta/bin/deal.II/include/deal.II/dofs/dof_accessor.templates.h: In static member function ‘static void dealii::internal::DoFCellAccessor::Implementation::distribute_local_to_global(const dealii::DoFCellAccessor<dealii::hp::DoFHandler<dim, spacedim>, lda>&, const dealii::ConstraintMatrix&, ForwardIterator, ForwardIterator, OutputVector&)’:
/home/dkgupta/bin/deal.II/include/deal.II/dofs/dof_accessor.templates.h:2938:72: warning: typedef ‘BaseClass’ locally defined but not used [-Wunused-local-typedefs]
         typedef dealii::DoFAccessor<dim,DoFHandler<dim,spacedim>, lda> BaseClass;
                                                                        ^
/home/dkgupta/bin/deal.II/include/deal.II/dofs/dof_accessor.templates.h: In static member function ‘static void dealii::internal::DoFCellAccessor::Implementation::distribute_local_to_global(const dealii::DoFCellAccessor<dealii::DoFHandler<dim, spacedim>, lda>&, const dealii::FullMatrix<number>&, OutputMatrix&)’:
/home/dkgupta/bin/deal.II/include/deal.II/dofs/dof_accessor.templates.h:2970:72: warning: typedef ‘BaseClass’ locally defined but not used [-Wunused-local-typedefs]
         typedef dealii::DoFAccessor<dim,DoFHandler<dim,spacedim>, lda> BaseClass;
                                                                        ^
/home/dkgupta/bin/deal.II/include/deal.II/dofs/dof_accessor.templates.h: In static member function ‘static void dealii::internal::DoFCellAccessor::Implementation::distribute_local_to_global(const dealii::DoFCellAccessor<dealii::hp::DoFHandler<dim, spacedim>, lda>&, const dealii::FullMatrix<number>&, OutputMatrix&)’:
/home/dkgupta/bin/deal.II/include/deal.II/dofs/dof_accessor.templates.h:3007:72: warning: typedef ‘BaseClass’ locally defined but not used [-Wunused-local-typedefs]
         typedef dealii::DoFAccessor<dim,DoFHandler<dim,spacedim>, lda> BaseClass;
                                                                        ^
/home/dkgupta/bin/deal.II/include/deal.II/dofs/dof_accessor.templates.h: In static member function ‘static void dealii::internal::DoFCellAccessor::Implementation::distribute_local_to_global(const dealii::DoFCellAccessor<dealii::DoFHandler<dim, spacedim>, lda>&, const dealii::FullMatrix<number>&, const dealii::Vector<number>&, OutputMatrix&, OutputVector&)’:
/home/dkgupta/bin/deal.II/include/deal.II/dofs/dof_accessor.templates.h:3045:72: warning: typedef ‘BaseClass’ locally defined but not used [-Wunused-local-typedefs]
         typedef dealii::DoFAccessor<dim,DoFHandler<dim,spacedim>, lda> BaseClass;
                                                                        ^
/home/dkgupta/bin/deal.II/include/deal.II/dofs/dof_accessor.templates.h: In static member function ‘static void dealii::internal::DoFCellAccessor::Implementation::distribute_local_to_global(const dealii::DoFCellAccessor<dealii::hp::DoFHandler<dim, spacedim>, lda>&, const dealii::FullMatrix<number>&, const dealii::Vector<number>&, OutputMatrix&, OutputVector&)’:
/home/dkgupta/bin/deal.II/include/deal.II/dofs/dof_accessor.templates.h:3090:72: warning: typedef ‘BaseClass’ locally defined but not used [-Wunused-local-typedefs]
         typedef dealii::DoFAccessor<dim,DoFHandler<dim,spacedim>, lda> BaseClass;
                                                                        ^
In file included from /home/dkgupta/WORK/projects/atop/atop/include/atop/TopologyOptimization/cell_prop.h:17:0,
                 from /home/dkgupta/WORK/projects/atop/atop/include/atop/fem/fem.h:32,
                 from /home/dkgupta/WORK/projects/atop/atop/include/atop/TopologyOptimization/optimizedesign.h:12,
                 from ../source/TopologyOptimization/optimizedesign.cpp:11:
/home/dkgupta/bin/deal.II/include/deal.II/fe/fe_values.h: In member function ‘dealii::FEValuesViews::Scalar<dim, spacedim>::value_type dealii::FEValuesViews::Scalar<dim, spacedim>::value(unsigned int, unsigned int) const’:
/home/dkgupta/bin/deal.II/include/deal.II/fe/fe_values.h:2850:40: warning: typedef ‘FVB’ locally defined but not used [-Wunused-local-typedefs]
     typedef FEValuesBase<dim,spacedim> FVB;
                                        ^
/home/dkgupta/bin/deal.II/include/deal.II/fe/fe_values.h: In member function ‘dealii::FEValuesViews::Scalar<dim, spacedim>::gradient_type dealii::FEValuesViews::Scalar<dim, spacedim>::gradient(unsigned int, unsigned int) const’:
/home/dkgupta/bin/deal.II/include/deal.II/fe/fe_values.h:2876:40: warning: typedef ‘FVB’ locally defined but not used [-Wunused-local-typedefs]
     typedef FEValuesBase<dim,spacedim> FVB;
                                        ^
/home/dkgupta/bin/deal.II/include/deal.II/fe/fe_values.h: In member function ‘dealii::FEValuesViews::Scalar<dim, spacedim>::hessian_type dealii::FEValuesViews::Scalar<dim, spacedim>::hessian(unsigned int, unsigned int) const’:
/home/dkgupta/bin/deal.II/include/deal.II/fe/fe_values.h:2903:40: warning: typedef ‘FVB’ locally defined but not used [-Wunused-local-typedefs]
     typedef FEValuesBase<dim,spacedim> FVB;
                                        ^
/home/dkgupta/bin/deal.II/include/deal.II/fe/fe_values.h: In member function ‘dealii::FEValuesViews::Vector<dim, spacedim>::value_type dealii::FEValuesViews::Vector<dim, spacedim>::value(unsigned int, unsigned int) const’:
/home/dkgupta/bin/deal.II/include/deal.II/fe/fe_values.h:2929:40: warning: typedef ‘FVB’ locally defined but not used [-Wunused-local-typedefs]
     typedef FEValuesBase<dim,spacedim> FVB;
                                        ^
/home/dkgupta/bin/deal.II/include/deal.II/fe/fe_values.h: In member function ‘dealii::FEValuesViews::Vector<dim, spacedim>::gradient_type dealii::FEValuesViews::Vector<dim, spacedim>::gradient(unsigned int, unsigned int) const’:
/home/dkgupta/bin/deal.II/include/deal.II/fe/fe_values.h:2967:40: warning: typedef ‘FVB’ locally defined but not used [-Wunused-local-typedefs]
     typedef FEValuesBase<dim,spacedim> FVB;
                                        ^
/home/dkgupta/bin/deal.II/include/deal.II/fe/fe_values.h: In member function ‘dealii::FEValuesViews::Vector<dim, spacedim>::divergence_type dealii::FEValuesViews::Vector<dim, spacedim>::divergence(unsigned int, unsigned int) const’:
/home/dkgupta/bin/deal.II/include/deal.II/fe/fe_values.h:3007:40: warning: typedef ‘FVB’ locally defined but not used [-Wunused-local-typedefs]
     typedef FEValuesBase<dim,spacedim> FVB;
                                        ^
/home/dkgupta/bin/deal.II/include/deal.II/fe/fe_values.h: In member function ‘dealii::FEValuesViews::Vector<dim, spacedim>::curl_type dealii::FEValuesViews::Vector<dim, spacedim>::curl(unsigned int, unsigned int) const’:
/home/dkgupta/bin/deal.II/include/deal.II/fe/fe_values.h:3041:40: warning: typedef ‘FVB’ locally defined but not used [-Wunused-local-typedefs]
     typedef FEValuesBase<dim,spacedim> FVB;
                                        ^
/home/dkgupta/bin/deal.II/include/deal.II/fe/fe_values.h: In member function ‘dealii::FEValuesViews::Vector<dim, spacedim>::hessian_type dealii::FEValuesViews::Vector<dim, spacedim>::hessian(unsigned int, unsigned int) const’:
/home/dkgupta/bin/deal.II/include/deal.II/fe/fe_values.h:3180:40: warning: typedef ‘FVB’ locally defined but not used [-Wunused-local-typedefs]
     typedef FEValuesBase<dim,spacedim> FVB;
                                        ^
/home/dkgupta/bin/deal.II/include/deal.II/fe/fe_values.h: In member function ‘dealii::FEValuesViews::Vector<dim, spacedim>::symmetric_gradient_type dealii::FEValuesViews::Vector<dim, spacedim>::symmetric_gradient(unsigned int, unsigned int) const’:
/home/dkgupta/bin/deal.II/include/deal.II/fe/fe_values.h:3296:40: warning: typedef ‘FVB’ locally defined but not used [-Wunused-local-typedefs]
     typedef FEValuesBase<dim,spacedim> FVB;
                                        ^
/home/dkgupta/bin/deal.II/include/deal.II/fe/fe_values.h: In member function ‘dealii::FEValuesViews::SymmetricTensor<2, dim, spacedim>::value_type dealii::FEValuesViews::SymmetricTensor<2, dim, spacedim>::value(unsigned int, unsigned int) const’:
/home/dkgupta/bin/deal.II/include/deal.II/fe/fe_values.h:3330:40: warning: typedef ‘FVB’ locally defined but not used [-Wunused-local-typedefs]
     typedef FEValuesBase<dim,spacedim> FVB;
                                        ^
/home/dkgupta/bin/deal.II/include/deal.II/fe/fe_values.h: In member function ‘dealii::FEValuesViews::SymmetricTensor<2, dim, spacedim>::divergence_type dealii::FEValuesViews::SymmetricTensor<2, dim, spacedim>::divergence(unsigned int, unsigned int) const’:
/home/dkgupta/bin/deal.II/include/deal.II/fe/fe_values.h:3377:40: warning: typedef ‘FVB’ locally defined but not used [-Wunused-local-typedefs]
     typedef FEValuesBase<dim,spacedim> FVB;
                                        ^
/home/dkgupta/bin/deal.II/include/deal.II/fe/fe_values.h: In member function ‘dealii::FEValuesViews::Tensor<2, dim, spacedim>::value_type dealii::FEValuesViews::Tensor<2, dim, spacedim>::value(unsigned int, unsigned int) const’:
/home/dkgupta/bin/deal.II/include/deal.II/fe/fe_values.h:3467:40: warning: typedef ‘FVB’ locally defined but not used [-Wunused-local-typedefs]
     typedef FEValuesBase<dim,spacedim> FVB;
                                        ^
/home/dkgupta/bin/deal.II/include/deal.II/fe/fe_values.h: In member function ‘dealii::FEValuesViews::Tensor<2, dim, spacedim>::divergence_type dealii::FEValuesViews::Tensor<2, dim, spacedim>::divergence(unsigned int, unsigned int) const’:
/home/dkgupta/bin/deal.II/include/deal.II/fe/fe_values.h:3517:40: warning: typedef ‘FVB’ locally defined but not used [-Wunused-local-typedefs]
     typedef FEValuesBase<dim,spacedim> FVB;
                                        ^
/home/dkgupta/bin/deal.II/include/deal.II/fe/fe_values.h: In member function ‘const dealii::Point<spacedim>& dealii::FEValuesBase<dim, spacedim>::normal_vector(unsigned int) const’:
/home/dkgupta/bin/deal.II/include/deal.II/fe/fe_values.h:4109:38: warning: typedef ‘FVB’ locally defined but not used [-Wunused-local-typedefs]
   typedef FEValuesBase<dim,spacedim> FVB;
                                      ^
/home/dkgupta/bin/deal.II/include/deal.II/fe/fe_values.h: In member function ‘const dealii::Tensor<1, dim>& dealii::FEFaceValuesBase<dim, spacedim>::boundary_form(unsigned int) const’:
/home/dkgupta/bin/deal.II/include/deal.II/fe/fe_values.h:4202:38: warning: typedef ‘FVB’ locally defined but not used [-Wunused-local-typedefs]
   typedef FEValuesBase<dim,spacedim> FVB;
                                      ^
../source/TopologyOptimization/optimizedesign.cpp: In instantiation of ‘void atop::Optimizedesign<dim>::optimize() [with int dim = 2]’:
/home/dkgupta/WORK/projects/atop/atop/include/atop/TopologyOptimization/optimizedesign.h:87:16:   required from here
../source/TopologyOptimization/optimizedesign.cpp:153:18: warning: unused variable ‘result’ [-Wunused-variable]
    nlopt::result result = opt.optimize(design_vector, minf);
                  ^
Finished building: ../source/TopologyOptimization/optimizedesign.cpp
 
Building target: libatop.a
Invoking: Cross GCC Archiver
ar -r  "libatop.a"  ./source/physics/mechanics/elastic.o  ./source/physics/elasticity.o  ./source/optimizer/optimality_criteria.o  ./source/math_tools/algebra/MatrixVector.o  ./source/fem/boundary_values.o ./source/fem/define_mesh.o ./source/fem/fem.o ./source/fem/output.o  ./source/examples/step1.o  ./source/derivatives/compliance.o ./source/derivatives/sensitivity.o  ./source/data_format/bitmap.o  ./source/TopologyOptimization/constraints/general.o  ./source/TopologyOptimization/DensityValues.o ./source/TopologyOptimization/RefinementIndicator.o ./source/TopologyOptimization/adaptivity.o ./source/TopologyOptimization/cell_prop.o ./source/TopologyOptimization/design_analysis.o ./source/TopologyOptimization/neighbors.o ./source/TopologyOptimization/optimizedesign.o ./source/TopologyOptimization/penalization.o ./source/TopologyOptimization/projection.o   
ar: creating libatop.a
Finished building target: libatop.a
 

07:45:37 Build Finished (took 3s.313ms)

