12:26:57 **** Incremental Build of configuration Debug for project backupproj ****
make all 
Building file: ../source/examples/step1.cpp
Invoking: GCC C++ Compiler
g++ -I/home/dkgupta/bin/deal.II/include -I"/home/dkgupta/WORK/projects/atop/backupproj/include" -O0 -g3 -Wall -c -fmessage-length=0 -std=c++0x -MMD -MP -MF"source/examples/step1.d" -MT"source/examples/step1.d" -o "source/examples/step1.o" "../source/examples/step1.cpp"
In file included from /home/dkgupta/bin/deal.II/include/deal.II/dofs/dof_accessor.h:2215:0,
                 from /home/dkgupta/bin/deal.II/include/deal.II/fe/mapping_q1.h:26,
                 from /home/dkgupta/bin/deal.II/include/deal.II/grid/grid_tools.h:26,
                 from ../source/examples/step1.cpp:24:
/home/dkgupta/bin/deal.II/include/deal.II/dofs/dof_accessor.templates.h: In static member function ‘static void dealii::internal::DoFCellAccessor::Implementation::set_active_fe_index(const dealii::DoFCellAccessor<dealii::DoFHandler<dim, spacedim>, lda>&, unsigned int)’:
/home/dkgupta/bin/deal.II/include/deal.II/dofs/dof_accessor.templates.h:2804:72: warning: typedef ‘BaseClass’ locally defined but not used [-Wunused-local-typedefs]
         typedef dealii::DoFAccessor<dim,DoFHandler<dim,spacedim>, lda> BaseClass;
                                                                        ^
/home/dkgupta/bin/deal.II/include/deal.II/dofs/dof_accessor.templates.h: In static member function ‘static void dealii::internal::DoFCellAccessor::Implementation::set_active_fe_index(dealii::DoFCellAccessor<dealii::hp::DoFHandler<dim, spacedim>, lda>&, unsigned int)’:
/home/dkgupta/bin/deal.II/include/deal.II/dofs/dof_accessor.templates.h:2816:72: warning: typedef ‘BaseClass’ locally defined but not used [-Wunused-local-typedefs]
         typedef dealii::DoFAccessor<dim,DoFHandler<dim,spacedim>, lda> BaseClass;
                                                                        ^
/home/dkgupta/bin/deal.II/include/deal.II/dofs/dof_accessor.templates.h: In static member function ‘static void dealii::internal::DoFCellAccessor::Implementation::distribute_local_to_global(const dealii::DoFCellAccessor<dealii::DoFHandler<dim, spacedim>, lda>&, ForwardIterator, ForwardIterator, OutputVector&)’:
/home/dkgupta/bin/deal.II/include/deal.II/dofs/dof_accessor.templates.h:2837:72: warning: typedef ‘BaseClass’ locally defined but not used [-Wunused-local-typedefs]
         typedef dealii::DoFAccessor<dim,DoFHandler<dim,spacedim>, lda> BaseClass;
                                                                        ^
/home/dkgupta/bin/deal.II/include/deal.II/dofs/dof_accessor.templates.h: In static member function ‘static void dealii::internal::DoFCellAccessor::Implementation::distribute_local_to_global(const dealii::DoFCellAccessor<dealii::hp::DoFHandler<dim, spacedim>, lda>&, ForwardIterator, ForwardIterator, OutputVector&)’:
/home/dkgupta/bin/deal.II/include/deal.II/dofs/dof_accessor.templates.h:2871:72: warning: typedef ‘BaseClass’ locally defined but not used [-Wunused-local-typedefs]
         typedef dealii::DoFAccessor<dim,DoFHandler<dim,spacedim>, lda> BaseClass;
                                                                        ^
/home/dkgupta/bin/deal.II/include/deal.II/dofs/dof_accessor.templates.h: In static member function ‘static void dealii::internal::DoFCellAccessor::Implementation::distribute_local_to_global(const dealii::DoFCellAccessor<dealii::DoFHandler<dim, spacedim>, lda>&, const dealii::ConstraintMatrix&, ForwardIterator, ForwardIterator, OutputVector&)’:
/home/dkgupta/bin/deal.II/include/deal.II/dofs/dof_accessor.templates.h:2904:72: warning: typedef ‘BaseClass’ locally defined but not used [-Wunused-local-typedefs]
         typedef dealii::DoFAccessor<dim,DoFHandler<dim,spacedim>, lda> BaseClass;
                                                                        ^
/home/dkgupta/bin/deal.II/include/deal.II/dofs/dof_accessor.templates.h: In static member function ‘static void dealii::internal::DoFCellAccessor::Implementation::distribute_local_to_global(const dealii::DoFCellAccessor<dealii::hp::DoFHandler<dim, spacedim>, lda>&, const dealii::ConstraintMatrix&, ForwardIterator, ForwardIterator, OutputVector&)’:
/home/dkgupta/bin/deal.II/include/deal.II/dofs/dof_accessor.templates.h:2938:72: warning: typedef ‘BaseClass’ locally defined but not used [-Wunused-local-typedefs]
         typedef dealii::DoFAccessor<dim,DoFHandler<dim,spacedim>, lda> BaseClass;
                                                                        ^
/home/dkgupta/bin/deal.II/include/deal.II/dofs/dof_accessor.templates.h: In static member function ‘static void dealii::internal::DoFCellAccessor::Implementation::distribute_local_to_global(const dealii::DoFCellAccessor<dealii::DoFHandler<dim, spacedim>, lda>&, const dealii::FullMatrix<number>&, OutputMatrix&)’:
/home/dkgupta/bin/deal.II/include/deal.II/dofs/dof_accessor.templates.h:2970:72: warning: typedef ‘BaseClass’ locally defined but not used [-Wunused-local-typedefs]
         typedef dealii::DoFAccessor<dim,DoFHandler<dim,spacedim>, lda> BaseClass;
                                                                        ^
/home/dkgupta/bin/deal.II/include/deal.II/dofs/dof_accessor.templates.h: In static member function ‘static void dealii::internal::DoFCellAccessor::Implementation::distribute_local_to_global(const dealii::DoFCellAccessor<dealii::hp::DoFHandler<dim, spacedim>, lda>&, const dealii::FullMatrix<number>&, OutputMatrix&)’:
/home/dkgupta/bin/deal.II/include/deal.II/dofs/dof_accessor.templates.h:3007:72: warning: typedef ‘BaseClass’ locally defined but not used [-Wunused-local-typedefs]
         typedef dealii::DoFAccessor<dim,DoFHandler<dim,spacedim>, lda> BaseClass;
                                                                        ^
/home/dkgupta/bin/deal.II/include/deal.II/dofs/dof_accessor.templates.h: In static member function ‘static void dealii::internal::DoFCellAccessor::Implementation::distribute_local_to_global(const dealii::DoFCellAccessor<dealii::DoFHandler<dim, spacedim>, lda>&, const dealii::FullMatrix<number>&, const dealii::Vector<number>&, OutputMatrix&, OutputVector&)’:
/home/dkgupta/bin/deal.II/include/deal.II/dofs/dof_accessor.templates.h:3045:72: warning: typedef ‘BaseClass’ locally defined but not used [-Wunused-local-typedefs]
         typedef dealii::DoFAccessor<dim,DoFHandler<dim,spacedim>, lda> BaseClass;
                                                                        ^
/home/dkgupta/bin/deal.II/include/deal.II/dofs/dof_accessor.templates.h: In static member function ‘static void dealii::internal::DoFCellAccessor::Implementation::distribute_local_to_global(const dealii::DoFCellAccessor<dealii::hp::DoFHandler<dim, spacedim>, lda>&, const dealii::FullMatrix<number>&, const dealii::Vector<number>&, OutputMatrix&, OutputVector&)’:
/home/dkgupta/bin/deal.II/include/deal.II/dofs/dof_accessor.templates.h:3090:72: warning: typedef ‘BaseClass’ locally defined but not used [-Wunused-local-typedefs]
         typedef dealii::DoFAccessor<dim,DoFHandler<dim,spacedim>, lda> BaseClass;
                                                                        ^
In file included from ../source/examples/step1.cpp:28:0:
/home/dkgupta/bin/deal.II/include/deal.II/fe/fe_values.h: In member function ‘dealii::FEValuesViews::Scalar<dim, spacedim>::value_type dealii::FEValuesViews::Scalar<dim, spacedim>::value(unsigned int, unsigned int) const’:
/home/dkgupta/bin/deal.II/include/deal.II/fe/fe_values.h:2850:40: warning: typedef ‘FVB’ locally defined but not used [-Wunused-local-typedefs]
     typedef FEValuesBase<dim,spacedim> FVB;
                                        ^
/home/dkgupta/bin/deal.II/include/deal.II/fe/fe_values.h: In member function ‘dealii::FEValuesViews::Scalar<dim, spacedim>::gradient_type dealii::FEValuesViews::Scalar<dim, spacedim>::gradient(unsigned int, unsigned int) const’:
/home/dkgupta/bin/deal.II/include/deal.II/fe/fe_values.h:2876:40: warning: typedef ‘FVB’ locally defined but not used [-Wunused-local-typedefs]
     typedef FEValuesBase<dim,spacedim> FVB;
                                        ^
/home/dkgupta/bin/deal.II/include/deal.II/fe/fe_values.h: In member function ‘dealii::FEValuesViews::Scalar<dim, spacedim>::hessian_type dealii::FEValuesViews::Scalar<dim, spacedim>::hessian(unsigned int, unsigned int) const’:
/home/dkgupta/bin/deal.II/include/deal.II/fe/fe_values.h:2903:40: warning: typedef ‘FVB’ locally defined but not used [-Wunused-local-typedefs]
     typedef FEValuesBase<dim,spacedim> FVB;
                                        ^
/home/dkgupta/bin/deal.II/include/deal.II/fe/fe_values.h: In member function ‘dealii::FEValuesViews::Vector<dim, spacedim>::value_type dealii::FEValuesViews::Vector<dim, spacedim>::value(unsigned int, unsigned int) const’:
/home/dkgupta/bin/deal.II/include/deal.II/fe/fe_values.h:2929:40: warning: typedef ‘FVB’ locally defined but not used [-Wunused-local-typedefs]
     typedef FEValuesBase<dim,spacedim> FVB;
                                        ^
/home/dkgupta/bin/deal.II/include/deal.II/fe/fe_values.h: In member function ‘dealii::FEValuesViews::Vector<dim, spacedim>::gradient_type dealii::FEValuesViews::Vector<dim, spacedim>::gradient(unsigned int, unsigned int) const’:
/home/dkgupta/bin/deal.II/include/deal.II/fe/fe_values.h:2967:40: warning: typedef ‘FVB’ locally defined but not used [-Wunused-local-typedefs]
     typedef FEValuesBase<dim,spacedim> FVB;
                                        ^
/home/dkgupta/bin/deal.II/include/deal.II/fe/fe_values.h: In member function ‘dealii::FEValuesViews::Vector<dim, spacedim>::divergence_type dealii::FEValuesViews::Vector<dim, spacedim>::divergence(unsigned int, unsigned int) const’:
/home/dkgupta/bin/deal.II/include/deal.II/fe/fe_values.h:3007:40: warning: typedef ‘FVB’ locally defined but not used [-Wunused-local-typedefs]
     typedef FEValuesBase<dim,spacedim> FVB;
                                        ^
/home/dkgupta/bin/deal.II/include/deal.II/fe/fe_values.h: In member function ‘dealii::FEValuesViews::Vector<dim, spacedim>::curl_type dealii::FEValuesViews::Vector<dim, spacedim>::curl(unsigned int, unsigned int) const’:
/home/dkgupta/bin/deal.II/include/deal.II/fe/fe_values.h:3041:40: warning: typedef ‘FVB’ locally defined but not used [-Wunused-local-typedefs]
     typedef FEValuesBase<dim,spacedim> FVB;
                                        ^
/home/dkgupta/bin/deal.II/include/deal.II/fe/fe_values.h: In member function ‘dealii::FEValuesViews::Vector<dim, spacedim>::hessian_type dealii::FEValuesViews::Vector<dim, spacedim>::hessian(unsigned int, unsigned int) const’:
/home/dkgupta/bin/deal.II/include/deal.II/fe/fe_values.h:3180:40: warning: typedef ‘FVB’ locally defined but not used [-Wunused-local-typedefs]
     typedef FEValuesBase<dim,spacedim> FVB;
                                        ^
/home/dkgupta/bin/deal.II/include/deal.II/fe/fe_values.h: In member function ‘dealii::FEValuesViews::Vector<dim, spacedim>::symmetric_gradient_type dealii::FEValuesViews::Vector<dim, spacedim>::symmetric_gradient(unsigned int, unsigned int) const’:
/home/dkgupta/bin/deal.II/include/deal.II/fe/fe_values.h:3296:40: warning: typedef ‘FVB’ locally defined but not used [-Wunused-local-typedefs]
     typedef FEValuesBase<dim,spacedim> FVB;
                                        ^
/home/dkgupta/bin/deal.II/include/deal.II/fe/fe_values.h: In member function ‘dealii::FEValuesViews::SymmetricTensor<2, dim, spacedim>::value_type dealii::FEValuesViews::SymmetricTensor<2, dim, spacedim>::value(unsigned int, unsigned int) const’:
/home/dkgupta/bin/deal.II/include/deal.II/fe/fe_values.h:3330:40: warning: typedef ‘FVB’ locally defined but not used [-Wunused-local-typedefs]
     typedef FEValuesBase<dim,spacedim> FVB;
                                        ^
/home/dkgupta/bin/deal.II/include/deal.II/fe/fe_values.h: In member function ‘dealii::FEValuesViews::SymmetricTensor<2, dim, spacedim>::divergence_type dealii::FEValuesViews::SymmetricTensor<2, dim, spacedim>::divergence(unsigned int, unsigned int) const’:
/home/dkgupta/bin/deal.II/include/deal.II/fe/fe_values.h:3377:40: warning: typedef ‘FVB’ locally defined but not used [-Wunused-local-typedefs]
     typedef FEValuesBase<dim,spacedim> FVB;
                                        ^
/home/dkgupta/bin/deal.II/include/deal.II/fe/fe_values.h: In member function ‘dealii::FEValuesViews::Tensor<2, dim, spacedim>::value_type dealii::FEValuesViews::Tensor<2, dim, spacedim>::value(unsigned int, unsigned int) const’:
/home/dkgupta/bin/deal.II/include/deal.II/fe/fe_values.h:3467:40: warning: typedef ‘FVB’ locally defined but not used [-Wunused-local-typedefs]
     typedef FEValuesBase<dim,spacedim> FVB;
                                        ^
/home/dkgupta/bin/deal.II/include/deal.II/fe/fe_values.h: In member function ‘dealii::FEValuesViews::Tensor<2, dim, spacedim>::divergence_type dealii::FEValuesViews::Tensor<2, dim, spacedim>::divergence(unsigned int, unsigned int) const’:
/home/dkgupta/bin/deal.II/include/deal.II/fe/fe_values.h:3517:40: warning: typedef ‘FVB’ locally defined but not used [-Wunused-local-typedefs]
     typedef FEValuesBase<dim,spacedim> FVB;
                                        ^
/home/dkgupta/bin/deal.II/include/deal.II/fe/fe_values.h: In member function ‘const dealii::Point<spacedim>& dealii::FEValuesBase<dim, spacedim>::normal_vector(unsigned int) const’:
/home/dkgupta/bin/deal.II/include/deal.II/fe/fe_values.h:4109:38: warning: typedef ‘FVB’ locally defined but not used [-Wunused-local-typedefs]
   typedef FEValuesBase<dim,spacedim> FVB;
                                      ^
/home/dkgupta/bin/deal.II/include/deal.II/fe/fe_values.h: In member function ‘const dealii::Tensor<1, spacedim>& dealii::FEFaceValuesBase<dim, spacedim>::boundary_form(unsigned int) const’:
/home/dkgupta/bin/deal.II/include/deal.II/fe/fe_values.h:4202:38: warning: typedef ‘FVB’ locally defined but not used [-Wunused-local-typedefs]
   typedef FEValuesBase<dim,spacedim> FVB;
                                      ^
../source/examples/step1.cpp: In instantiation of ‘void Step1::TopOptimization<dim>::calculate_sensitivities() [with int dim = 2]’:
../source/examples/step1.cpp:1079:29:   required from ‘void Step1::TopOptimization<dim>::run() [with int dim = 2]’
../source/examples/step1.cpp:1159:16:   required from here
../source/examples/step1.cpp:948:13: warning: unused variable ‘area_factor’ [-Wunused-variable]
      double area_factor = cellprop[cell_itr2].cell_area/max_cell_area;
             ^
../source/examples/step1.cpp:910:17: warning: unused variable ‘quad_index’ [-Wunused-variable]
    unsigned int quad_index = elastic_data.get_quad_index(quadrature_rule);
                 ^
../source/examples/step1.cpp: In instantiation of ‘void Step1::BoundaryValues<dim>::vector_value(const dealii::Point<dim, double>&, dealii::Vector<double>&) const [with int dim = 2]’:
../source/examples/step1.cpp:1185:1:   required from here
../source/examples/step1.cpp:206:16: warning: variable ‘xmax’ set but not used [-Wunused-but-set-variable]
   double xmin, xmax, ymin, ymax;
                ^
Finished building: ../source/examples/step1.cpp
 
Building target: backupproj
Invoking: GCC C++ Linker
g++ -L/usr/lib -o "backupproj"  ./source/physics/elasticity.o  ./source/math_tools/algebra/MatrixVector.o  ./source/examples/step1.o  ./source/data_format/bitmap.o  ./source/TopologyOptimization/DensityValues.o ./source/TopologyOptimization/RefinementIndicator.o ./source/TopologyOptimization/cell_prop.o ./source/TopologyOptimization/design_analysis.o ./source/TopologyOptimization/neighbors.o ./source/TopologyOptimization/penalization.o   -ldeal_II
Finished building target: backupproj
 

12:27:02 Build Finished (took 5s.414ms)

