17:07:44 **** Build of configuration Debug for project old_step1 ****
make all 
Building file: ../source/step1.cpp
Invoking: Cross G++ Compiler
g++ -D__GXX_EXPERIMENTAL_CXX0X__ -I"/home/dkgupta/WORK/projects/atop/atop/include" -I/home/dkgupta/bin/deal.II/include -O0 -g3 -Wall -c -fmessage-length=0 -std=c++0x -MMD -MP -MF"source/step1.d" -MT"source/step1.d" -o "source/step1.o" "../source/step1.cpp"
In file included from ../source/step1.cpp:16:0:
/home/dkgupta/bin/deal.II/include/deal.II/lac/precondition.h:1281:0: warning: ignoring #pragma omp simd [-Wunknown-pragmas]
               DEAL_II_OPENMP_SIMD_PRAGMA
 ^
/home/dkgupta/bin/deal.II/include/deal.II/lac/precondition.h:1288:0: warning: ignoring #pragma omp simd [-Wunknown-pragmas]
               DEAL_II_OPENMP_SIMD_PRAGMA
 ^
/home/dkgupta/bin/deal.II/include/deal.II/lac/precondition.h:1297:0: warning: ignoring #pragma omp simd [-Wunknown-pragmas]
           DEAL_II_OPENMP_SIMD_PRAGMA
 ^
In file included from /home/dkgupta/bin/deal.II/include/deal.II/dofs/dof_accessor.h:1693:0,
                 from /home/dkgupta/bin/deal.II/include/deal.II/fe/mapping_q1.h:25,
                 from /home/dkgupta/bin/deal.II/include/deal.II/grid/grid_tools.h:25,
                 from ../source/step1.cpp:24:
/home/dkgupta/bin/deal.II/include/deal.II/dofs/dof_accessor.templates.h: In static member function ‘static void dealii::internal::DoFCellAccessor::Implementation::set_active_fe_index(const dealii::DoFCellAccessor<dealii::DoFHandler<dim, spacedim>, level_dof_access>&, unsigned int)’:
/home/dkgupta/bin/deal.II/include/deal.II/dofs/dof_accessor.templates.h:2789:85: warning: typedef ‘BaseClass’ locally defined but not used [-Wunused-local-typedefs]
         typedef dealii::DoFAccessor<dim,DoFHandler<dim,spacedim>, level_dof_access> BaseClass;
                                                                                     ^
/home/dkgupta/bin/deal.II/include/deal.II/dofs/dof_accessor.templates.h: In static member function ‘static void dealii::internal::DoFCellAccessor::Implementation::set_active_fe_index(dealii::DoFCellAccessor<dealii::hp::DoFHandler<dim, spacedim>, level_dof_access>&, unsigned int)’:
/home/dkgupta/bin/deal.II/include/deal.II/dofs/dof_accessor.templates.h:2801:85: warning: typedef ‘BaseClass’ locally defined but not used [-Wunused-local-typedefs]
         typedef dealii::DoFAccessor<dim,DoFHandler<dim,spacedim>, level_dof_access> BaseClass;
                                                                                     ^
/home/dkgupta/bin/deal.II/include/deal.II/dofs/dof_accessor.templates.h: In static member function ‘static void dealii::internal::DoFCellAccessor::Implementation::distribute_local_to_global(const dealii::DoFCellAccessor<dealii::DoFHandler<dim, spacedim>, level_dof_access>&, ForwardIterator, ForwardIterator, OutputVector&)’:
/home/dkgupta/bin/deal.II/include/deal.II/dofs/dof_accessor.templates.h:2822:85: warning: typedef ‘BaseClass’ locally defined but not used [-Wunused-local-typedefs]
         typedef dealii::DoFAccessor<dim,DoFHandler<dim,spacedim>, level_dof_access> BaseClass;
                                                                                     ^
/home/dkgupta/bin/deal.II/include/deal.II/dofs/dof_accessor.templates.h: In static member function ‘static void dealii::internal::DoFCellAccessor::Implementation::distribute_local_to_global(const dealii::DoFCellAccessor<dealii::hp::DoFHandler<dim, spacedim>, level_dof_access>&, ForwardIterator, ForwardIterator, OutputVector&)’:
/home/dkgupta/bin/deal.II/include/deal.II/dofs/dof_accessor.templates.h:2856:85: warning: typedef ‘BaseClass’ locally defined but not used [-Wunused-local-typedefs]
         typedef dealii::DoFAccessor<dim,DoFHandler<dim,spacedim>, level_dof_access> BaseClass;
                                                                                     ^
In file included from /home/dkgupta/bin/deal.II/include/deal.II/dofs/dof_accessor.h:1693:0,
                 from /home/dkgupta/bin/deal.II/include/deal.II/fe/mapping_q1.h:25,
                 from /home/dkgupta/bin/deal.II/include/deal.II/grid/grid_tools.h:25,
                 from ../source/step1.cpp:24:
/home/dkgupta/bin/deal.II/include/deal.II/dofs/dof_accessor.templates.h: In static member function ‘static void dealii::internal::DoFCellAccessor::Implementation::distribute_local_to_global(const dealii::DoFCellAccessor<dealii::DoFHandler<dim, spacedim>, level_dof_access>&, const dealii::ConstraintMatrix&, ForwardIterator, ForwardIterator, OutputVector&)’:
/home/dkgupta/bin/deal.II/include/deal.II/dofs/dof_accessor.templates.h:2889:85: warning: typedef ‘BaseClass’ locally defined but not used [-Wunused-local-typedefs]
         typedef dealii::DoFAccessor<dim,DoFHandler<dim,spacedim>, level_dof_access> BaseClass;
                                                                                     ^
/home/dkgupta/bin/deal.II/include/deal.II/dofs/dof_accessor.templates.h: In static member function ‘static void dealii::internal::DoFCellAccessor::Implementation::distribute_local_to_global(const dealii::DoFCellAccessor<dealii::hp::DoFHandler<dim, spacedim>, level_dof_access>&, const dealii::ConstraintMatrix&, ForwardIterator, ForwardIterator, OutputVector&)’:
/home/dkgupta/bin/deal.II/include/deal.II/dofs/dof_accessor.templates.h:2923:85: warning: typedef ‘BaseClass’ locally defined but not used [-Wunused-local-typedefs]
         typedef dealii::DoFAccessor<dim,DoFHandler<dim,spacedim>, level_dof_access> BaseClass;
                                                                                     ^
/home/dkgupta/bin/deal.II/include/deal.II/dofs/dof_accessor.templates.h: In static member function ‘static void dealii::internal::DoFCellAccessor::Implementation::distribute_local_to_global(const dealii::DoFCellAccessor<dealii::DoFHandler<dim, spacedim>, level_dof_access>&, const dealii::FullMatrix<number>&, OutputMatrix&)’:
/home/dkgupta/bin/deal.II/include/deal.II/dofs/dof_accessor.templates.h:2955:85: warning: typedef ‘BaseClass’ locally defined but not used [-Wunused-local-typedefs]
         typedef dealii::DoFAccessor<dim,DoFHandler<dim,spacedim>, level_dof_access> BaseClass;
                                                                                     ^
/home/dkgupta/bin/deal.II/include/deal.II/dofs/dof_accessor.templates.h: In static member function ‘static void dealii::internal::DoFCellAccessor::Implementation::distribute_local_to_global(const dealii::DoFCellAccessor<dealii::hp::DoFHandler<dim, spacedim>, level_dof_access>&, const dealii::FullMatrix<number>&, OutputMatrix&)’:
/home/dkgupta/bin/deal.II/include/deal.II/dofs/dof_accessor.templates.h:2992:85: warning: typedef ‘BaseClass’ locally defined but not used [-Wunused-local-typedefs]
         typedef dealii::DoFAccessor<dim,DoFHandler<dim,spacedim>, level_dof_access> BaseClass;
                                                                                     ^
/home/dkgupta/bin/deal.II/include/deal.II/dofs/dof_accessor.templates.h: In static member function ‘static void dealii::internal::DoFCellAccessor::Implementation::distribute_local_to_global(const dealii::DoFCellAccessor<dealii::DoFHandler<dim, spacedim>, level_dof_access>&, const dealii::FullMatrix<number>&, const dealii::Vector<number>&, OutputMatrix&, OutputVector&)’:
/home/dkgupta/bin/deal.II/include/deal.II/dofs/dof_accessor.templates.h:3030:85: warning: typedef ‘BaseClass’ locally defined but not used [-Wunused-local-typedefs]
         typedef dealii::DoFAccessor<dim,DoFHandler<dim,spacedim>, level_dof_access> BaseClass;
                                                                                     ^
/home/dkgupta/bin/deal.II/include/deal.II/dofs/dof_accessor.templates.h: In static member function ‘static void dealii::internal::DoFCellAccessor::Implementation::distribute_local_to_global(const dealii::DoFCellAccessor<dealii::hp::DoFHandler<dim, spacedim>, level_dof_access>&, const dealii::FullMatrix<number>&, const dealii::Vector<number>&, OutputMatrix&, OutputVector&)’:
/home/dkgupta/bin/deal.II/include/deal.II/dofs/dof_accessor.templates.h:3075:85: warning: typedef ‘BaseClass’ locally defined but not used [-Wunused-local-typedefs]
         typedef dealii::DoFAccessor<dim,DoFHandler<dim,spacedim>, level_dof_access> BaseClass;
                                                                                     ^
In file included from ../source/step1.cpp:28:0:
/home/dkgupta/bin/deal.II/include/deal.II/fe/fe_values.h: In member function ‘dealii::FEValuesViews::Scalar<dim, spacedim>::value_type dealii::FEValuesViews::Scalar<dim, spacedim>::value(unsigned int, unsigned int) const’:
/home/dkgupta/bin/deal.II/include/deal.II/fe/fe_values.h:2997:40: warning: typedef ‘FVB’ locally defined but not used [-Wunused-local-typedefs]
     typedef FEValuesBase<dim,spacedim> FVB;
                                        ^
/home/dkgupta/bin/deal.II/include/deal.II/fe/fe_values.h: In member function ‘dealii::FEValuesViews::Scalar<dim, spacedim>::gradient_type dealii::FEValuesViews::Scalar<dim, spacedim>::gradient(unsigned int, unsigned int) const’:
/home/dkgupta/bin/deal.II/include/deal.II/fe/fe_values.h:3023:40: warning: typedef ‘FVB’ locally defined but not used [-Wunused-local-typedefs]
     typedef FEValuesBase<dim,spacedim> FVB;
                                        ^
/home/dkgupta/bin/deal.II/include/deal.II/fe/fe_values.h: In member function ‘dealii::FEValuesViews::Scalar<dim, spacedim>::hessian_type dealii::FEValuesViews::Scalar<dim, spacedim>::hessian(unsigned int, unsigned int) const’:
/home/dkgupta/bin/deal.II/include/deal.II/fe/fe_values.h:3050:40: warning: typedef ‘FVB’ locally defined but not used [-Wunused-local-typedefs]
     typedef FEValuesBase<dim,spacedim> FVB;
                                        ^
/home/dkgupta/bin/deal.II/include/deal.II/fe/fe_values.h: In member function ‘dealii::FEValuesViews::Vector<dim, spacedim>::value_type dealii::FEValuesViews::Vector<dim, spacedim>::value(unsigned int, unsigned int) const’:
/home/dkgupta/bin/deal.II/include/deal.II/fe/fe_values.h:3076:40: warning: typedef ‘FVB’ locally defined but not used [-Wunused-local-typedefs]
     typedef FEValuesBase<dim,spacedim> FVB;
                                        ^
/home/dkgupta/bin/deal.II/include/deal.II/fe/fe_values.h: In member function ‘dealii::FEValuesViews::Vector<dim, spacedim>::gradient_type dealii::FEValuesViews::Vector<dim, spacedim>::gradient(unsigned int, unsigned int) const’:
/home/dkgupta/bin/deal.II/include/deal.II/fe/fe_values.h:3114:40: warning: typedef ‘FVB’ locally defined but not used [-Wunused-local-typedefs]
     typedef FEValuesBase<dim,spacedim> FVB;
                                        ^
/home/dkgupta/bin/deal.II/include/deal.II/fe/fe_values.h: In member function ‘dealii::FEValuesViews::Vector<dim, spacedim>::divergence_type dealii::FEValuesViews::Vector<dim, spacedim>::divergence(unsigned int, unsigned int) const’:
/home/dkgupta/bin/deal.II/include/deal.II/fe/fe_values.h:3154:40: warning: typedef ‘FVB’ locally defined but not used [-Wunused-local-typedefs]
     typedef FEValuesBase<dim,spacedim> FVB;
                                        ^
/home/dkgupta/bin/deal.II/include/deal.II/fe/fe_values.h: In member function ‘dealii::FEValuesViews::Vector<dim, spacedim>::curl_type dealii::FEValuesViews::Vector<dim, spacedim>::curl(unsigned int, unsigned int) const’:
/home/dkgupta/bin/deal.II/include/deal.II/fe/fe_values.h:3188:40: warning: typedef ‘FVB’ locally defined but not used [-Wunused-local-typedefs]
     typedef FEValuesBase<dim,spacedim> FVB;
                                        ^
/home/dkgupta/bin/deal.II/include/deal.II/fe/fe_values.h: In member function ‘dealii::FEValuesViews::Vector<dim, spacedim>::hessian_type dealii::FEValuesViews::Vector<dim, spacedim>::hessian(unsigned int, unsigned int) const’:
/home/dkgupta/bin/deal.II/include/deal.II/fe/fe_values.h:3327:40: warning: typedef ‘FVB’ locally defined but not used [-Wunused-local-typedefs]
     typedef FEValuesBase<dim,spacedim> FVB;
                                        ^
/home/dkgupta/bin/deal.II/include/deal.II/fe/fe_values.h: In member function ‘dealii::FEValuesViews::Vector<dim, spacedim>::symmetric_gradient_type dealii::FEValuesViews::Vector<dim, spacedim>::symmetric_gradient(unsigned int, unsigned int) const’:
/home/dkgupta/bin/deal.II/include/deal.II/fe/fe_values.h:3441:40: warning: typedef ‘FVB’ locally defined but not used [-Wunused-local-typedefs]
     typedef FEValuesBase<dim,spacedim> FVB;
                                        ^
/home/dkgupta/bin/deal.II/include/deal.II/fe/fe_values.h: In member function ‘dealii::FEValuesViews::SymmetricTensor<2, dim, spacedim>::value_type dealii::FEValuesViews::SymmetricTensor<2, dim, spacedim>::value(unsigned int, unsigned int) const’:
/home/dkgupta/bin/deal.II/include/deal.II/fe/fe_values.h:3475:40: warning: typedef ‘FVB’ locally defined but not used [-Wunused-local-typedefs]
     typedef FEValuesBase<dim,spacedim> FVB;
                                        ^
/home/dkgupta/bin/deal.II/include/deal.II/fe/fe_values.h: In member function ‘dealii::FEValuesViews::SymmetricTensor<2, dim, spacedim>::divergence_type dealii::FEValuesViews::SymmetricTensor<2, dim, spacedim>::divergence(unsigned int, unsigned int) const’:
/home/dkgupta/bin/deal.II/include/deal.II/fe/fe_values.h:3522:40: warning: typedef ‘FVB’ locally defined but not used [-Wunused-local-typedefs]
     typedef FEValuesBase<dim,spacedim> FVB;
                                        ^
/home/dkgupta/bin/deal.II/include/deal.II/fe/fe_values.h: In member function ‘dealii::FEValuesViews::Tensor<2, dim, spacedim>::value_type dealii::FEValuesViews::Tensor<2, dim, spacedim>::value(unsigned int, unsigned int) const’:
/home/dkgupta/bin/deal.II/include/deal.II/fe/fe_values.h:3612:40: warning: typedef ‘FVB’ locally defined but not used [-Wunused-local-typedefs]
     typedef FEValuesBase<dim,spacedim> FVB;
                                        ^
/home/dkgupta/bin/deal.II/include/deal.II/fe/fe_values.h: In member function ‘dealii::FEValuesViews::Tensor<2, dim, spacedim>::divergence_type dealii::FEValuesViews::Tensor<2, dim, spacedim>::divergence(unsigned int, unsigned int) const’:
/home/dkgupta/bin/deal.II/include/deal.II/fe/fe_values.h:3662:40: warning: typedef ‘FVB’ locally defined but not used [-Wunused-local-typedefs]
     typedef FEValuesBase<dim,spacedim> FVB;
                                        ^
/home/dkgupta/bin/deal.II/include/deal.II/fe/fe_values.h: In member function ‘const dealii::Point<spacedim>& dealii::FEValuesBase<dim, spacedim>::normal_vector(unsigned int) const’:
/home/dkgupta/bin/deal.II/include/deal.II/fe/fe_values.h:4150:38: warning: typedef ‘FVB’ locally defined but not used [-Wunused-local-typedefs]
   typedef FEValuesBase<dim,spacedim> FVB;
                                      ^
/home/dkgupta/bin/deal.II/include/deal.II/fe/fe_values.h: In member function ‘const dealii::Tensor<1, spacedim>& dealii::FEFaceValuesBase<dim, spacedim>::boundary_form(unsigned int) const’:
/home/dkgupta/bin/deal.II/include/deal.II/fe/fe_values.h:4232:38: warning: typedef ‘FVB’ locally defined but not used [-Wunused-local-typedefs]
   typedef FEValuesBase<dim,spacedim> FVB;
                                      ^
../source/step1.cpp: At global scope:
../source/step1.cpp:147:3: error: ‘DensityValues’ does not name a type
   DensityValues rho_values;
   ^
../source/step1.cpp: In member function ‘void Step1::TopOptimization<dim>::assemble_system()’:
../source/step1.cpp:305:3: error: ‘rho_values’ was not declared in this scope
   rho_values.cycle = cycle;
   ^
../source/step1.cpp: In member function ‘void Step1::TopOptimization<dim>::filter()’:
../source/step1.cpp:507:3: error: ‘rho_values’ was not declared in this scope
   rho_values.filter(cellprop);
   ^
../source/step1.cpp: In member function ‘void Step1::TopOptimization<dim>::optimize_OC()’:
../source/step1.cpp:689:4: error: ‘rho_values’ was not declared in this scope
    rho_values.get_vol_fraction(
    ^
../source/step1.cpp: In member function ‘void Step1::TopOptimization<dim>::calculate_sensitivities()’:
../source/step1.cpp:952:25: error: ‘rho_values’ was not declared in this scope
      double dxPhys_dx = rho_values.get_dxPhys_dx(cellprop[cell_itr2],
                         ^
../source/step1.cpp: In instantiation of ‘void Step1::TopOptimization<dim>::calculate_sensitivities() [with int dim = 2]’:
../source/step1.cpp:1104:29:   required from ‘void Step1::TopOptimization<dim>::run() [with int dim = 2]’
../source/step1.cpp:1183:16:   required from here
../source/step1.cpp:943:33: warning: comparison between signed and unsigned integer expressions [-Wsign-compare]
    for(int q_point = 0; q_point < n_q_points; ++q_point){
                                 ^
../source/step1.cpp:957:13: warning: unused variable ‘area_factor’ [-Wunused-variable]
      double area_factor = cellprop[cell_itr2].cell_area/max_cell_area;
             ^
../source/step1.cpp:915:17: warning: unused variable ‘quad_index’ [-Wunused-variable]
    unsigned int quad_index = elastic_data.get_quad_index(quadrature_rule);
                 ^
../source/step1.cpp: In instantiation of ‘void Step1::TopOptimization<dim>::optimize_OC() [with int dim = 2]’:
../source/step1.cpp:1111:18:   required from ‘void Step1::TopOptimization<dim>::run() [with int dim = 2]’
../source/step1.cpp:1183:16:   required from here
../source/step1.cpp:657:22: warning: comparison between signed and unsigned integer expressions [-Wsign-compare]
    for (int i = 0; i < density_mesh.size(); ++i){
                      ^
../source/step1.cpp: In instantiation of ‘void Step1::TopOptimization<dim>::boundary_info() [with int dim = 2]’:
../source/step1.cpp:812:18:   required from ‘void Step1::TopOptimization<dim>::fem_solver(int) [with int dim = 2]’
../source/step1.cpp:1103:25:   required from ‘void Step1::TopOptimization<dim>::run() [with int dim = 2]’
../source/step1.cpp:1183:16:   required from here
../source/step1.cpp:480:7: warning: ‘void dealii::TriaAccessor<<anonymous>, <anonymous>, <anonymous> >::set_boundary_indicator(dealii::types::boundary_id) const [with int structdim = 1; int dim = 2; int spacedim = 2; dealii::types::boundary_id = unsigned char]’ is deprecated (declared at /home/dkgupta/bin/deal.II/include/deal.II/grid/tria_accessor.templates.h:1864) [-Wdeprecated-declarations]
       cell->face(f)->set_boundary_indicator(42);
       ^
../source/step1.cpp:490:7: warning: ‘void dealii::TriaAccessor<<anonymous>, <anonymous>, <anonymous> >::set_boundary_indicator(dealii::types::boundary_id) const [with int structdim = 1; int dim = 2; int spacedim = 2; dealii::types::boundary_id = unsigned char]’ is deprecated (declared at /home/dkgupta/bin/deal.II/include/deal.II/grid/tria_accessor.templates.h:1864) [-Wdeprecated-declarations]
       cell->face(f)->set_boundary_indicator(42);
       ^
make: *** [source/step1.o] Error 1

17:07:48 Build Finished (took 4s.414ms)

